2025-12-11 17:33:19,340 [INFO] Activator:176 - 


2025-12-11 17:33:19,341 [INFO] Activator:177 - !SESSION log4j initialized
2025-12-11 17:33:22,168 [INFO] LogOutputStream:77 - [STDOUT_REDIRECT] 
2025-12-11 17:33:22,751 [ERROR] LogOutputStream:75 - [STDERR_REDIRECT] 
2025-12-11 17:33:24,354 [INFO] ApplicationProperties:184 - Using Application install path: /Applications/STM32CubeIDE.app/Contents/Eclipse/plugins/com.st.stm32cube.common.mx_6.15.0.202507011659
2025-12-11 17:33:24,367 [INFO] DbMcusXml:78 - Set database path to: /Applications/STM32CubeIDE.app/Contents/Eclipse/plugins/com.st.stm32cube.common.mx_6.15.0.202507011659//db//mcu/
2025-12-11 17:33:24,367 [INFO] ApiDb:274 - Set plugin database path to: /Applications/STM32CubeIDE.app/Contents/Eclipse/plugins/com.st.stm32cube.common.mx_6.15.0.202507011659//db//plugins/boardmanager/
2025-12-11 17:33:24,368 [WARN] ApiDb:259 - Overriding images path with different value:  => /Applications/STM32CubeIDE.app/Contents/Eclipse/plugins/com.st.stm32cube.common.mx_6.15.0.202507011659//db//plugins/mcufinder/images/
2025-12-11 17:33:24,372 [INFO] ApiDb:250 - Set database path to: /Users/mohammadsamialam/.stmcufinder/plugins/mcufinder//mcu/
2025-12-11 17:33:24,373 [INFO] DbMcusAds:125 - Set database path to: /Users/mohammadsamialam/.stmcufinder/plugins/mcufinder//mcu/
2025-12-11 17:33:24,374 [INFO] CrossReferenceDbSqlite:203 - Set database path to: /Users/mohammadsamialam/.stmcufinder/plugins/mcufinder//mcu/cs/
2025-12-11 17:33:24,581 [INFO] RulesReader:64 - Compatibility file has been processed (317 Rules)
2025-12-11 17:33:24,635 [INFO] DbMcusXml:78 - Set database path to: /Applications/STM32CubeIDE.app/Contents/Eclipse/plugins/com.st.stm32cube.common.mx_6.15.0.202507011659//db//mcu/
2025-12-11 17:33:24,635 [INFO] ApiDb:274 - Set plugin database path to: /Applications/STM32CubeIDE.app/Contents/Eclipse/plugins/com.st.stm32cube.common.mx_6.15.0.202507011659//db//plugins/boardmanager/
2025-12-11 17:33:24,636 [INFO] ApiDb:261 - Set plugin images path to: /Applications/STM32CubeIDE.app/Contents/Eclipse/plugins/com.st.stm32cube.common.mx_6.15.0.202507011659//db//plugins/mcufinder/images/
2025-12-11 17:33:24,636 [WARN] DbFile:41 - Overriding database path with different value: /Users/mohammadsamialam/.stmcufinder/plugins/mcufinder/ => /Users/mohammadsamialam/.stmcufinder/plugins/mcufinder
2025-12-11 17:33:24,636 [INFO] ApiDb:250 - Set database path to: /Users/mohammadsamialam/.stmcufinder/plugins/mcufinder//mcu/
2025-12-11 17:33:24,636 [WARN] DbFile:41 - Overriding database path with different value: /Users/mohammadsamialam/.stmcufinder/plugins/mcufinder/ => /Users/mohammadsamialam/.stmcufinder/plugins/mcufinder
2025-12-11 17:33:24,636 [INFO] DbMcusAds:125 - Set database path to: /Users/mohammadsamialam/.stmcufinder/plugins/mcufinder//mcu/
2025-12-11 17:33:24,636 [WARN] DbFile:41 - Overriding database path with different value: /Users/mohammadsamialam/.stmcufinder/plugins/mcufinder/ => /Users/mohammadsamialam/.stmcufinder/plugins/mcufinder
2025-12-11 17:33:24,636 [WARN] DbFile:41 - Overriding database path with different value: /Users/mohammadsamialam/.stmcufinder/plugins/mcufinder/ => /Users/mohammadsamialam/.stmcufinder/plugins/mcufinder
2025-12-11 17:33:24,636 [INFO] CrossReferenceDbSqlite:203 - Set database path to: /Users/mohammadsamialam/.stmcufinder/plugins/mcufinder//mcu/cs/
2025-12-11 17:33:24,698 [INFO] MainPanel:274 - HeapMemory: 268435456
2025-12-11 17:33:24,900 [INFO] DbMcusXml:78 - Set database path to: /Applications/STM32CubeIDE.app/Contents/Eclipse/plugins/com.st.stm32cube.common.mx_6.15.0.202507011659//db//mcu/
2025-12-11 17:33:24,900 [INFO] ApiDb:274 - Set plugin database path to: /Applications/STM32CubeIDE.app/Contents/Eclipse/plugins/com.st.stm32cube.common.mx_6.15.0.202507011659//db//plugins/boardmanager/
2025-12-11 17:33:24,900 [INFO] ApiDb:261 - Set plugin images path to: /Applications/STM32CubeIDE.app/Contents/Eclipse/plugins/com.st.stm32cube.common.mx_6.15.0.202507011659//db//plugins/mcufinder/images/
2025-12-11 17:33:24,901 [WARN] DbFile:41 - Overriding database path with different value: /Users/mohammadsamialam/.stmcufinder/plugins/mcufinder/ => /Users/mohammadsamialam/.stmcufinder/plugins/mcufinder
2025-12-11 17:33:24,901 [INFO] ApiDb:250 - Set database path to: /Users/mohammadsamialam/.stmcufinder/plugins/mcufinder//mcu/
2025-12-11 17:33:24,901 [WARN] DbFile:41 - Overriding database path with different value: /Users/mohammadsamialam/.stmcufinder/plugins/mcufinder/ => /Users/mohammadsamialam/.stmcufinder/plugins/mcufinder
2025-12-11 17:33:24,901 [INFO] DbMcusAds:125 - Set database path to: /Users/mohammadsamialam/.stmcufinder/plugins/mcufinder//mcu/
2025-12-11 17:33:24,901 [WARN] DbFile:41 - Overriding database path with different value: /Users/mohammadsamialam/.stmcufinder/plugins/mcufinder/ => /Users/mohammadsamialam/.stmcufinder/plugins/mcufinder
2025-12-11 17:33:24,901 [WARN] DbFile:41 - Overriding database path with different value: /Users/mohammadsamialam/.stmcufinder/plugins/mcufinder/ => /Users/mohammadsamialam/.stmcufinder/plugins/mcufinder
2025-12-11 17:33:24,901 [INFO] CrossReferenceDbSqlite:203 - Set database path to: /Users/mohammadsamialam/.stmcufinder/plugins/mcufinder//mcu/cs/
2025-12-11 17:33:24,924 [INFO] ApplicationProperties:184 - Using Application install path: /Applications/STM32CubeIDE.app/Contents/Eclipse/plugins/com.st.stm32cube.common.mx_6.15.0.202507011659
2025-12-11 17:33:24,925 [INFO] PluginManage:196 - Search for loadable plugins [exclusion list=, ]
2025-12-11 17:33:24,927 [INFO] PluginManage:310 - Check plugin analytics
2025-12-11 17:33:25,190 [INFO] AnalyticsPlugin:253 - Accepted Software Licenses: 
2025-12-11 17:33:25,191 [INFO] AnalyticsPlugin:255 - Accepted CMSIS Pack Licenses: 
2025-12-11 17:33:25,191 [INFO] AnalyticsPlugin:257 - Accepted Firmware Licenses: 
2025-12-11 17:33:25,203 [INFO] PluginManage:359 - Loaded plugin analytics (category:tool,tabindex:-1)
2025-12-11 17:33:25,204 [INFO] PluginManage:310 - Check plugin cadmodel
2025-12-11 17:33:25,213 [INFO] CADModel:105 - Init CAD model plugin
2025-12-11 17:33:25,213 [INFO] PluginManage:359 - Loaded plugin cadmodel (category:power,tabindex:5)
2025-12-11 17:33:25,214 [INFO] PluginManage:310 - Check plugin clock
2025-12-11 17:33:25,220 [INFO] PluginManage:359 - Loaded plugin clock (category:base,tabindex:2)
2025-12-11 17:33:25,221 [INFO] PluginManage:310 - Check plugin ddr
2025-12-11 17:33:25,222 [INFO] PluginManage:359 - Loaded plugin ddr (category:tool,tabindex:6)
2025-12-11 17:33:25,223 [INFO] PluginManage:310 - Check plugin filemanager
2025-12-11 17:33:25,626 [INFO] PluginManage:359 - Loaded plugin filemanager (category:base,tabindex:10)
2025-12-11 17:33:25,633 [INFO] PluginManage:310 - Check plugin ipmanager
2025-12-11 17:33:25,686 [INFO] PluginManage:359 - Loaded plugin ipmanager (category:base,tabindex:5)
2025-12-11 17:33:25,687 [INFO] PluginManage:310 - Check plugin lpbam
2025-12-11 17:33:25,715 [INFO] PluginManage:359 - Loaded plugin lpbam (category:base,tabindex:0)
2025-12-11 17:33:25,715 [INFO] PluginManage:310 - Check plugin memorymap
2025-12-11 17:33:25,726 [INFO] PluginManage:359 - Loaded plugin memorymap (category:base,tabindex:4)
2025-12-11 17:33:25,727 [INFO] PluginManage:310 - Check plugin pinoutandconfiguration
2025-12-11 17:33:25,733 [INFO] PluginManage:359 - Loaded plugin pinoutandconfiguration (category:base,tabindex:1)
2025-12-11 17:33:25,734 [INFO] PluginManage:310 - Check plugin pinoutconfig
2025-12-11 17:33:25,825 [WARN] SupportedApi:132 - Cannot load RTOS API schema: s4s-elt-must-match.1: The content of 'definitions' must match (annotation?, (simpleType | complexType)?, (unique | key | keyref)*)). A problem was found starting at: attribute.
2025-12-11 17:33:26,112 [INFO] PluginManage:359 - Loaded plugin pinoutconfig (category:base,tabindex:0)
2025-12-11 17:33:26,113 [INFO] PluginManage:310 - Check plugin power
2025-12-11 17:33:26,131 [INFO] PluginManage:359 - Loaded plugin power (category:power,tabindex:4)
2025-12-11 17:33:26,131 [INFO] PluginManage:310 - Check plugin projectmanager
2025-12-11 17:33:26,179 [INFO] PluginManage:359 - Loaded plugin projectmanager (category:projectmanager,tabindex:4)
2025-12-11 17:33:26,179 [INFO] PluginManage:310 - Check plugin rif
2025-12-11 17:33:26,186 [INFO] PluginManage:359 - Loaded plugin rif (category:base,tabindex:3)
2025-12-11 17:33:26,186 [INFO] PluginManage:310 - Check plugin thirdparty
2025-12-11 17:33:26,575 [INFO] PluginManage:359 - Loaded plugin thirdparty (category:base,tabindex:-1)
2025-12-11 17:33:26,578 [INFO] PluginManage:310 - Check plugin tools
2025-12-11 17:33:26,575 [WARN] IntegrityCheckThread:84 - waiting for thirdparty lock release [integrity check]
2025-12-11 17:33:26,592 [INFO] PluginManage:359 - Loaded plugin tools (category:base,tabindex:7)
2025-12-11 17:33:26,592 [INFO] IntegrityCheckThread:86 - entering critical section [integrity check]
2025-12-11 17:33:26,592 [INFO] PluginManage:310 - Check plugin tutovideos
2025-12-11 17:33:26,595 [INFO] ThirdPartyUpdaterWithRetryManager:70 - Updater plugin not ready yet. [1/15]
2025-12-11 17:33:26,854 [INFO] PluginManage:359 - Loaded plugin tutovideos (category:base,tabindex:-1)
2025-12-11 17:33:26,858 [INFO] PluginManage:310 - Check plugin updater
2025-12-11 17:33:26,899 [INFO] PluginManage:359 - Loaded plugin updater (category:base,tabindex:12)
2025-12-11 17:33:26,900 [INFO] PluginManage:310 - Check plugin userauth
2025-12-11 17:33:26,906 [INFO] UserAuth:118 - Init User Auth plugin
2025-12-11 17:33:26,908 [INFO] PluginManage:359 - Loaded plugin userauth (category:base,tabindex:14)
2025-12-11 17:33:26,910 [INFO] PluginManage:283 - PluginManage : Loaded plugins [18]
2025-12-11 17:33:27,392 [INFO] PinOutPanel:1589 - setPackage(No Configuration,No Configuration)
2025-12-11 17:33:27,497 [INFO] CADModel:165 - CPN selected for project level
2025-12-11 17:33:27,497 [INFO] CADModel:114 - Register for checkConnection events
2025-12-11 17:33:27,543 [INFO] IPUIPlugin:80 - create IPUIPlugin
2025-12-11 17:33:27,544 [INFO] PluginManager:220 - loadIPPluginJar : add mdma
2025-12-11 17:33:27,549 [INFO] IPUIPlugin:80 - create IPUIPlugin
2025-12-11 17:33:27,550 [INFO] PluginManager:220 - loadIPPluginJar : add freertos
2025-12-11 17:33:27,552 [INFO] IPUIPlugin:80 - create IPUIPlugin
2025-12-11 17:33:27,552 [INFO] PluginManager:220 - loadIPPluginJar : add gic
2025-12-11 17:33:27,561 [INFO] IPUIPlugin:80 - create IPUIPlugin
2025-12-11 17:33:27,561 [INFO] PluginManager:220 - loadIPPluginJar : add adc
2025-12-11 17:33:27,563 [INFO] IPUIPlugin:80 - create IPUIPlugin
2025-12-11 17:33:27,563 [INFO] PluginManager:220 - loadIPPluginJar : add gtzc
2025-12-11 17:33:27,564 [INFO] IPUIPlugin:80 - create IPUIPlugin
2025-12-11 17:33:27,564 [INFO] PluginManager:220 - loadIPPluginJar : add quadspi
2025-12-11 17:33:27,566 [INFO] IPUIPlugin:80 - create IPUIPlugin
2025-12-11 17:33:27,566 [INFO] PluginManager:220 - loadIPPluginJar : add aes
2025-12-11 17:33:27,568 [INFO] IPUIPlugin:80 - create IPUIPlugin
2025-12-11 17:33:27,568 [INFO] PluginManager:220 - loadIPPluginJar : add pdm2pcm
2025-12-11 17:33:27,570 [INFO] IPUIPlugin:80 - create IPUIPlugin
2025-12-11 17:33:27,570 [INFO] PluginManager:220 - loadIPPluginJar : add hash
2025-12-11 17:33:27,571 [INFO] IPUIPlugin:80 - create IPUIPlugin
2025-12-11 17:33:27,571 [INFO] PluginManager:220 - loadIPPluginJar : add tim
2025-12-11 17:33:27,572 [INFO] IPUIPlugin:80 - create IPUIPlugin
2025-12-11 17:33:27,572 [INFO] PluginManager:220 - loadIPPluginJar : add tsc
2025-12-11 17:33:27,574 [INFO] IPUIPlugin:80 - create IPUIPlugin
2025-12-11 17:33:27,574 [INFO] PluginManager:220 - loadIPPluginJar : add extmemmanager
2025-12-11 17:33:27,576 [INFO] IPUIPlugin:80 - create IPUIPlugin
2025-12-11 17:33:27,576 [INFO] PluginManager:220 - loadIPPluginJar : add ts
2025-12-11 17:33:27,579 [INFO] IPUIPlugin:80 - create IPUIPlugin
2025-12-11 17:33:27,579 [INFO] PluginManager:220 - loadIPPluginJar : add radio
2025-12-11 17:33:27,581 [INFO] IPUIPlugin:80 - create IPUIPlugin
2025-12-11 17:33:27,581 [INFO] PluginManager:220 - loadIPPluginJar : add can
2025-12-11 17:33:27,584 [INFO] IPUIPlugin:80 - create IPUIPlugin
2025-12-11 17:33:27,585 [INFO] PluginManager:220 - loadIPPluginJar : add dma3
2025-12-11 17:33:27,588 [INFO] IPUIPlugin:80 - create IPUIPlugin
2025-12-11 17:33:27,588 [INFO] PluginManager:220 - loadIPPluginJar : add dfsdm
2025-12-11 17:33:27,590 [INFO] IPUIPlugin:80 - create IPUIPlugin
2025-12-11 17:33:27,590 [INFO] PluginManager:220 - loadIPPluginJar : add spi
2025-12-11 17:33:27,592 [INFO] IPUIPlugin:80 - create IPUIPlugin
2025-12-11 17:33:27,592 [INFO] PluginManager:220 - loadIPPluginJar : add gfxmmu
2025-12-11 17:33:27,594 [INFO] IPUIPlugin:80 - create IPUIPlugin
2025-12-11 17:33:27,594 [INFO] PluginManager:220 - loadIPPluginJar : add genericplugin
2025-12-11 17:33:27,596 [INFO] IPUIPlugin:80 - create IPUIPlugin
2025-12-11 17:33:27,596 [INFO] PluginManager:220 - loadIPPluginJar : add cryp
2025-12-11 17:33:27,598 [INFO] IPUIPlugin:80 - create IPUIPlugin
2025-12-11 17:33:27,599 [INFO] PluginManager:220 - loadIPPluginJar : add gpio
2025-12-11 17:33:27,600 [INFO] IPUIPlugin:80 - create IPUIPlugin
2025-12-11 17:33:27,601 [INFO] PluginManager:220 - loadIPPluginJar : add ddr_ctrl_phy
2025-12-11 17:33:27,602 [INFO] IPUIPlugin:80 - create IPUIPlugin
2025-12-11 17:33:27,603 [INFO] PluginManager:220 - loadIPPluginJar : add comp
2025-12-11 17:33:27,605 [INFO] IPUIPlugin:80 - create IPUIPlugin
2025-12-11 17:33:27,606 [INFO] PluginManager:220 - loadIPPluginJar : add tracer_emb
2025-12-11 17:33:27,610 [INFO] IPUIPlugin:80 - create IPUIPlugin
2025-12-11 17:33:27,610 [INFO] PluginManager:220 - loadIPPluginJar : add openamp
2025-12-11 17:33:27,615 [INFO] IPUIPlugin:80 - create IPUIPlugin
2025-12-11 17:33:27,615 [INFO] PluginManager:220 - loadIPPluginJar : add stm32_wpan
2025-12-11 17:33:27,622 [INFO] IPUIPlugin:80 - create IPUIPlugin
2025-12-11 17:33:27,629 [INFO] PluginManager:220 - loadIPPluginJar : add plateformsettings
2025-12-11 17:33:27,631 [INFO] IPUIPlugin:80 - create IPUIPlugin
2025-12-11 17:33:27,632 [INFO] PluginManager:220 - loadIPPluginJar : add ipddr
2025-12-11 17:33:27,635 [INFO] IPUIPlugin:80 - create IPUIPlugin
2025-12-11 17:33:27,635 [INFO] PluginManager:220 - loadIPPluginJar : add usart
2025-12-11 17:33:27,636 [INFO] IPUIPlugin:80 - create IPUIPlugin
2025-12-11 17:33:27,636 [INFO] PluginManager:220 - loadIPPluginJar : add ltdc
2025-12-11 17:33:27,638 [INFO] IPUIPlugin:80 - create IPUIPlugin
2025-12-11 17:33:27,638 [INFO] PluginManager:220 - loadIPPluginJar : add nvic
2025-12-11 17:33:27,639 [INFO] IPUIPlugin:80 - create IPUIPlugin
2025-12-11 17:33:27,639 [INFO] PluginManager:220 - loadIPPluginJar : add fatfs
2025-12-11 17:33:27,644 [INFO] IPUIPlugin:80 - create IPUIPlugin
2025-12-11 17:33:27,644 [INFO] PluginManager:220 - loadIPPluginJar : add linkedlist
2025-12-11 17:33:27,651 [INFO] IPUIPlugin:80 - create IPUIPlugin
2025-12-11 17:33:27,651 [INFO] PluginManager:220 - loadIPPluginJar : add dma
2025-12-11 17:33:27,653 [INFO] IPUIPlugin:80 - create IPUIPlugin
2025-12-11 17:33:27,653 [INFO] PluginManager:220 - loadIPPluginJar : add fmc
2025-12-11 17:33:27,655 [INFO] IPUIPlugin:80 - create IPUIPlugin
2025-12-11 17:33:27,655 [INFO] PluginManager:220 - loadIPPluginJar : add i2s
2025-12-11 17:33:27,656 [INFO] IPUIPlugin:80 - create IPUIPlugin
2025-12-11 17:33:27,656 [INFO] PluginManager:220 - loadIPPluginJar : add ucpd
2025-12-11 17:33:27,657 [INFO] IPUIPlugin:80 - create IPUIPlugin
2025-12-11 17:33:27,657 [INFO] PluginManager:220 - loadIPPluginJar : add lorawan
2025-12-11 17:33:27,661 [INFO] IPUIPlugin:80 - create IPUIPlugin
2025-12-11 17:33:27,661 [INFO] PluginManager:220 - loadIPPluginJar : add opamp
2025-12-11 17:33:27,663 [INFO] IPUIPlugin:80 - create IPUIPlugin
2025-12-11 17:33:27,664 [INFO] PluginManager:220 - loadIPPluginJar : add i3c
2025-12-11 17:33:27,669 [INFO] IPUIPlugin:80 - create IPUIPlugin
2025-12-11 17:33:27,669 [INFO] PluginManager:220 - loadIPPluginJar : add touchsensing
2025-12-11 17:33:27,676 [INFO] IPUIPlugin:80 - create IPUIPlugin
2025-12-11 17:33:27,677 [INFO] PluginManager:220 - loadIPPluginJar : add i2c
2025-12-11 17:33:27,679 [INFO] IPUIPlugin:80 - create IPUIPlugin
2025-12-11 17:33:27,680 [INFO] PluginManager:220 - loadIPPluginJar : add resmgrutility
2025-12-11 17:33:27,682 [INFO] IPUIPlugin:80 - create IPUIPlugin
2025-12-11 17:33:27,682 [INFO] PluginManager:220 - loadIPPluginJar : add sai
2025-12-11 17:33:27,684 [INFO] IPUIPlugin:80 - create IPUIPlugin
2025-12-11 17:33:27,684 [INFO] PluginManager:220 - loadIPPluginJar : add usbx
2025-12-11 17:33:27,806 [FATAL] Updater:351 - Updater called before beeing initialized
2025-12-11 17:33:27,861 [INFO] RulesReader:64 - Compatibility file has been processed (317 Rules)
2025-12-11 17:33:27,883 [INFO] RulesReader:64 - Compatibility file has been processed (317 Rules)
2025-12-11 17:33:27,890 [INFO] CADModel:165 - CPN selected for project level
2025-12-11 17:33:27,891 [INFO] CADModel:114 - Register for checkConnection events
2025-12-11 17:33:27,891 [FATAL] Updater:351 - Updater called before beeing initialized
2025-12-11 17:33:27,891 [ERROR] CADModel:125 - Updater not yet initialized, retry later 
